#-----------------------------------------------------------
# PlanAhead v14.7 (64-bit)
# Build 321239 by xbuild on Fri Sep 27 19:29:51 MDT 2013
# Start of session at: Fri Apr 16 14:53:29 2021
# Process ID: 4980
# Log file: C:/Users/Ermin/Desktop/Vezbanje/Vezbanje16.04.2021/planAhead_run_1/planAhead.log
# Journal file: C:/Users/Ermin/Desktop/Vezbanje/Vezbanje16.04.2021/planAhead_run_1/planAhead.jou
#-----------------------------------------------------------
INFO: [Common 17-78] Attempting to get a license: PlanAhead
INFO: [Common 17-290] Got license for PlanAhead
INFO: [Device 21-36] Loading parts and site information from C:/Xilinx/14.7/ISE_DS/PlanAhead/data/parts/arch.xml
Parsing RTL primitives file [C:/Xilinx/14.7/ISE_DS/PlanAhead/data/parts/xilinx/rtl/prims/rtl_prims.xml]
Finished parsing RTL primitives file [C:/Xilinx/14.7/ISE_DS/PlanAhead/data/parts/xilinx/rtl/prims/rtl_prims.xml]
start_gui
source C:/Users/Ermin/Desktop/Vezbanje/Vezbanje16.04.2021/pa.fromHdl.tcl
# create_project -name Vezbanje16.04.2021 -dir "C:/Users/Ermin/Desktop/Vezbanje/Vezbanje16.04.2021/planAhead_run_1" -part xc3s500efg320-4
# set_param project.pinAheadLayout yes
# set srcset [get_property srcset [current_run -impl]]
# set_property target_constrs_file "TopMod.ucf" [current_fileset -constrset]
Adding file 'C:/Users/Ermin/Desktop/Vezbanje/Vezbanje16.04.2021/TopMod.ucf' to fileset 'constrs_1'
# set hdlfile [add_files [list {counter.vhd}]]
# set_property file_type VHDL $hdlfile
# set_property library work $hdlfile
# set hdlfile [add_files [list {Clock_Divider.vhd}]]
# set_property file_type VHDL $hdlfile
# set_property library work $hdlfile
# set hdlfile [add_files [list {TopMod.vhd}]]
# set_property file_type VHDL $hdlfile
# set_property library work $hdlfile
# set_property top TopMod $srcset
# add_files [list {TopMod.ucf}] -fileset [get_property constrset [current_run]]
# open_rtl_design -part xc3s500efg320-4
Using Verific elaboration
Parsing VHDL file "C:/Xilinx/14.7/ISE_DS/PlanAhead/data/parts/xilinx/rtl/lib/synplify/synattr.vhd" into library synplify
Parsing VHDL file "C:/Xilinx/14.7/ISE_DS/PlanAhead/data/parts/xilinx/rtl/lib/synplify/synattr.vhd" into library synplify
Parsing VHDL file "C:/Users/Ermin/Desktop/Vezbanje/Vezbanje16.04.2021/counter.vhd" into library work
Parsing VHDL file "C:/Users/Ermin/Desktop/Vezbanje/Vezbanje16.04.2021/Clock_Divider.vhd" into library work
Parsing VHDL file "C:/Users/Ermin/Desktop/Vezbanje/Vezbanje16.04.2021/TopMod.vhd" into library work
INFO: [Designutils 20-910] Reading macro library C:/Xilinx/14.7/ISE_DS/PlanAhead/data\./parts/xilinx/spartan3e/spartan3e/hd_int_macros.edn
Parsing EDIF File [C:/Xilinx/14.7/ISE_DS/PlanAhead/data\./parts/xilinx/spartan3e/spartan3e/hd_int_macros.edn]
Finished Parsing EDIF File [C:/Xilinx/14.7/ISE_DS/PlanAhead/data\./parts/xilinx/spartan3e/spartan3e/hd_int_macros.edn]
Loading clock regions from C:/Xilinx/14.7/ISE_DS/PlanAhead/data\parts/xilinx/spartan3e/spartan3e/xc3s500e/ClockRegion.xml
Loading clock buffers from C:/Xilinx/14.7/ISE_DS/PlanAhead/data\parts/xilinx/spartan3e/spartan3e/xc3s500e/ClockBuffers.xml
Loading package from C:/Xilinx/14.7/ISE_DS/PlanAhead/data\parts/xilinx/spartan3e/spartan3e/xc3s500e/fg320/Package.xml
Loading io standards from C:/Xilinx/14.7/ISE_DS/PlanAhead/data\./parts/xilinx/spartan3e/IOStandards.xml
INFO: [Device 21-19] Loading pkg sso from C:/Xilinx/14.7/ISE_DS/PlanAhead/data\parts/xilinx/spartan3e/spartan3e/xc3s500e/fg320/SSORules.xml
Loading list of drcs for the architecture : C:/Xilinx/14.7/ISE_DS/PlanAhead/data\./parts/xilinx/spartan3e/spartan3e/drc.xml
INFO: [Timing 38-77] Reading timing library C:/Xilinx/14.7/ISE_DS/PlanAhead/data\parts/xilinx/spartan3e/spartan3e/spartan3e-4.lib.
INFO: [Timing 38-34] Done reading timing library C:/Xilinx/14.7/ISE_DS/PlanAhead/data\parts/xilinx/spartan3e/spartan3e/spartan3e-4.lib.
Parsing UCF File [C:/Users/Ermin/Desktop/Vezbanje/Vezbanje16.04.2021/TopMod.ucf]
Finished Parsing UCF File [C:/Users/Ermin/Desktop/Vezbanje/Vezbanje16.04.2021/TopMod.ucf]
INFO: [Project 1-111] Unisim Transformation Summary:
No Unisim elements were transformed.

Phase 0 | Netlist Checksum: 54fe5bda
update_compile_order -fileset sim_1
startgroup
set_property package_pin F12 [get_ports {output[0]}]
endgroup
startgroup
set_property package_pin E12 [get_ports {output[1]}]
endgroup
startgroup
set_property package_pin E11 [get_ports {output[2]}]
endgroup
startgroup
set_property package_pin L13 [get_ports e]
endgroup
startgroup
set_property package_pin K17 [get_ports clr]
endgroup
startgroup
set_property package_pin C9 [get_ports clk]
endgroup
save_constraints
exit
ERROR: [PlanAhead 12-106] *** Exception: ui.h.b: Found deleted key in HTclEventBroker. Verify if the classes listed here call cleanup()
HTclEvent: SIGNAL_BUS_MODIFY   Classes: ui.views.aR 
HTclEvent: DEBUG_PORT_CONFIG_CHANGE   Classes: ui.views.aR 
HTclEvent: DEBUG_CORE_CONFIG_CHANGE   Classes: ui.views.aR 
HTclEvent: SIGNAL_MODIFY   Classes: ui.views.aR 
 (See C:/Users/Ermin/Desktop/Vezbanje/Vezbanje16.04.2021\planAhead_pid4980.debug)
ERROR: [Common 17-39] 'stop_gui' failed due to earlier errors.
INFO: [Common 17-206] Exiting PlanAhead at Fri Apr 16 14:54:19 2021...
INFO: [Common 17-83] Releasing license: PlanAhead
