Release 14.7 - xst P.20131013 (lin64)
Copyright (c) 1995-2013 Xilinx, Inc.  All rights reserved.
--> 
Parameter TMPDIR set to xst/projnav.tmp


Total REAL time to Xst completion: 0.00 secs
Total CPU time to Xst completion: 0.08 secs
 
--> 
Parameter xsthdpdir set to xst


Total REAL time to Xst completion: 0.00 secs
Total CPU time to Xst completion: 0.08 secs
 
--> 
Reading design: ispitar2jul.prj

TABLE OF CONTENTS
  1) Synthesis Options Summary
  2) HDL Compilation
  3) Design Hierarchy Analysis
  4) HDL Analysis
  5) HDL Synthesis
     5.1) HDL Synthesis Report
  6) Advanced HDL Synthesis
     6.1) Advanced HDL Synthesis Report
  7) Low Level Synthesis
  8) Partition Report
  9) Final Report
	9.1) Device utilization summary
	9.2) Partition Resource Summary
	9.3) TIMING REPORT


=========================================================================
*                      Synthesis Options Summary                        *
=========================================================================
---- Source Parameters
Input File Name                    : "ispitar2jul.prj"
Input Format                       : mixed
Ignore Synthesis Constraint File   : NO

---- Target Parameters
Output File Name                   : "ispitar2jul"
Output Format                      : NGC
Target Device                      : xc3s1500-4-fg676

---- Source Options
Top Module Name                    : ispitar2jul
Automatic FSM Extraction           : YES
FSM Encoding Algorithm             : Auto
Safe Implementation                : No
FSM Style                          : LUT
RAM Extraction                     : Yes
RAM Style                          : Auto
ROM Extraction                     : Yes
Mux Style                          : Auto
Decoder Extraction                 : YES
Priority Encoder Extraction        : Yes
Shift Register Extraction          : YES
Logical Shifter Extraction         : YES
XOR Collapsing                     : YES
ROM Style                          : Auto
Mux Extraction                     : Yes
Resource Sharing                   : YES
Asynchronous To Synchronous        : NO
Multiplier Style                   : Auto
Automatic Register Balancing       : No

---- Target Options
Add IO Buffers                     : YES
Global Maximum Fanout              : 500
Add Generic Clock Buffer(BUFG)     : 8
Register Duplication               : YES
Slice Packing                      : YES
Optimize Instantiated Primitives   : NO
Use Clock Enable                   : Yes
Use Synchronous Set                : Yes
Use Synchronous Reset              : Yes
Pack IO Registers into IOBs        : Auto
Equivalent register Removal        : YES

---- General Options
Optimization Goal                  : Speed
Optimization Effort                : 1
Keep Hierarchy                     : No
Netlist Hierarchy                  : As_Optimized
RTL Output                         : Yes
Global Optimization                : AllClockNets
Read Cores                         : YES
Write Timing Constraints           : NO
Cross Clock Analysis               : NO
Hierarchy Separator                : /
Bus Delimiter                      : <>
Case Specifier                     : Maintain
Slice Utilization Ratio            : 100
BRAM Utilization Ratio             : 100
Verilog 2001                       : YES
Auto BRAM Packing                  : NO
Slice Utilization Ratio Delta      : 5

=========================================================================


=========================================================================
*                          HDL Compilation                              *
=========================================================================
Compiling vhdl file "/home/ise/ise_projects/ispitar2jul/ispitar2jul.vhd" in Library work.
WARNING:HDLParsers:3530 - Time stamp of file "/home/ise/ise_projects/ispitar2jul/ispitar2jul.vhd" is newer than current system time.
Entity <ispitar2jul> compiled.
Entity <ispitar2jul> (Architecture <behavioral>) compiled.

=========================================================================
*                     Design Hierarchy Analysis                         *
=========================================================================
Analyzing hierarchy for entity <ispitar2jul> in library <work> (architecture <behavioral>).


=========================================================================
*                            HDL Analysis                               *
=========================================================================
Analyzing Entity <ispitar2jul> in library <work> (Architecture <behavioral>).
Entity <ispitar2jul> analyzed. Unit <ispitar2jul> generated.


=========================================================================
*                           HDL Synthesis                               *
=========================================================================

Performing bidirectional port resolution...

Synthesizing Unit <ispitar2jul>.
    Related source file is "/home/ise/ise_projects/ispitar2jul/ispitar2jul.vhd".
INFO:Xst:1608 - Relative priorities of control signals on register <counting> differ from those commonly found in the selected device family. This will result in additional logic around the register.
WARNING:Xst:737 - Found 1-bit latch for signal <counting>. Latches may be generated from incomplete case or if statements. We do not recommend the use of latches in FPGA/CPLD designs, as they may lead to timing problems.
    Found 32-bit up counter for signal <count>.
    Found 32-bit adder for signal <count$addsub0000> created at line 36.
    Found 8-bit up counter for signal <sCNT>.
    Found 1-bit register for signal <tmp>.
    Summary:
	inferred   2 Counter(s).
	inferred   1 D-type flip-flop(s).
	inferred   1 Adder/Subtractor(s).
Unit <ispitar2jul> synthesized.


=========================================================================
HDL Synthesis Report

Macro Statistics
# Adders/Subtractors                                   : 1
 32-bit adder                                          : 1
# Counters                                             : 2
 32-bit up counter                                     : 1
 8-bit up counter                                      : 1
# Registers                                            : 1
 1-bit register                                        : 1
# Latches                                              : 1
 1-bit latch                                           : 1

=========================================================================

=========================================================================
*                       Advanced HDL Synthesis                          *
=========================================================================


=========================================================================
Advanced HDL Synthesis Report

Macro Statistics
# Adders/Subtractors                                   : 1
 32-bit adder                                          : 1
# Counters                                             : 2
 32-bit up counter                                     : 1
 8-bit up counter                                      : 1
# Registers                                            : 1
 Flip-Flops                                            : 1
# Latches                                              : 1
 1-bit latch                                           : 1

=========================================================================

=========================================================================
*                         Low Level Synthesis                           *
=========================================================================

Optimizing unit <ispitar2jul> ...

Mapping all equations...
Building and optimizing final netlist ...
Found area constraint ratio of 100 (+ 5) on block ispitar2jul, actual ratio is 0.

Final Macro Processing ...

=========================================================================
Final Register Report

Macro Statistics
# Registers                                            : 41
 Flip-Flops                                            : 41

=========================================================================

=========================================================================
*                           Partition Report                            *
=========================================================================

Partition Implementation Status
-------------------------------

  No Partitions were found in this design.

-------------------------------

=========================================================================
*                            Final Report                               *
=========================================================================
Final Results
RTL Top Level Output File Name     : ispitar2jul.ngr
Top Level Output File Name         : ispitar2jul
Output Format                      : NGC
Optimization Goal                  : Speed
Keep Hierarchy                     : No

Design Statistics
# IOs                              : 12

Cell Usage :
# BELS                             : 233
#      GND                         : 1
#      INV                         : 4
#      LUT1                        : 69
#      LUT2                        : 1
#      LUT4                        : 8
#      MUXCY                       : 77
#      VCC                         : 1
#      XORCY                       : 72
# FlipFlops/Latches                : 42
#      FDCE                        : 8
#      FDE                         : 1
#      FDR                         : 32
#      LDCP                        : 1
# Clock Buffers                    : 2
#      BUFGP                       : 2
# IO Buffers                       : 10
#      IBUF                        : 2
#      OBUF                        : 8
=========================================================================

Device utilization summary:
---------------------------

Selected Device : 3s1500fg676-4 

 Number of Slices:                       51  out of  13312     0%  
 Number of Slice Flip Flops:             42  out of  26624     0%  
 Number of 4 input LUTs:                 82  out of  26624     0%  
 Number of IOs:                          12
 Number of bonded IOBs:                  12  out of    487     2%  
 Number of GCLKs:                         2  out of      8    25%  

---------------------------
Partition Resource Summary:
---------------------------

  No Partitions were found in this design.

---------------------------


=========================================================================
TIMING REPORT

NOTE: THESE TIMING NUMBERS ARE ONLY A SYNTHESIS ESTIMATE.
      FOR ACCURATE TIMING INFORMATION PLEASE REFER TO THE TRACE REPORT
      GENERATED AFTER PLACE-and-ROUTE.

Clock Information:
------------------
-----------------------------------+------------------------+-------+
Clock Signal                       | Clock buffer(FF name)  | Load  |
-----------------------------------+------------------------+-------+
iCLK                               | BUFGP                  | 33    |
inCONTINUE                         | BUFGP                  | 1     |
tmp                                | NONE(sCNT_0)           | 8     |
-----------------------------------+------------------------+-------+
INFO:Xst:2169 - HDL ADVISOR - Some clock signals were not automatically buffered by XST with BUFG/BUFR resources. Please use the buffer_type constraint in order to insert these buffers to the clock signals to help prevent skew problems.

Asynchronous Control Signals Information:
----------------------------------------
-------------------------------------+------------------------+-------+
Control Signal                       | Buffer(FF name)        | Load  |
-------------------------------------+------------------------+-------+
inSTART                              | IBUF                   | 9     |
counting_and0000(counting_and00001:O)| NONE(counting)         | 1     |
-------------------------------------+------------------------+-------+

Timing Summary:
---------------
Speed Grade: -4

   Minimum period: 10.848ns (Maximum Frequency: 92.184MHz)
   Minimum input arrival time before clock: No path found
   Maximum output required time after clock: 7.241ns
   Maximum combinational path delay: No path found

Timing Detail:
--------------
All values displayed in nanoseconds (ns)

=========================================================================
Timing constraint: Default period analysis for Clock 'iCLK'
  Clock period: 10.848ns (frequency: 92.184MHz)
  Total number of paths / destination ports: 17953 / 66
-------------------------------------------------------------------------
Delay:               10.848ns (Levels of Logic = 31)
  Source:            count_1 (FF)
  Destination:       count_0 (FF)
  Source Clock:      iCLK rising
  Destination Clock: iCLK rising

  Data Path: count_1 to count_0
                                Gate     Net
    Cell:in->out      fanout   Delay   Delay  Logical Name (Net Name)
    ----------------------------------------  ------------
     FDR:C->Q              2   0.720   1.216  count_1 (count_1)
     LUT1:I0->O            1   0.551   0.000  Madd_count_addsub0000_cy<1>_rt (Madd_count_addsub0000_cy<1>_rt)
     MUXCY:S->O            1   0.500   0.000  Madd_count_addsub0000_cy<1> (Madd_count_addsub0000_cy<1>)
     MUXCY:CI->O           1   0.064   0.000  Madd_count_addsub0000_cy<2> (Madd_count_addsub0000_cy<2>)
     MUXCY:CI->O           1   0.064   0.000  Madd_count_addsub0000_cy<3> (Madd_count_addsub0000_cy<3>)
     MUXCY:CI->O           1   0.064   0.000  Madd_count_addsub0000_cy<4> (Madd_count_addsub0000_cy<4>)
     MUXCY:CI->O           1   0.064   0.000  Madd_count_addsub0000_cy<5> (Madd_count_addsub0000_cy<5>)
     MUXCY:CI->O           1   0.064   0.000  Madd_count_addsub0000_cy<6> (Madd_count_addsub0000_cy<6>)
     MUXCY:CI->O           1   0.064   0.000  Madd_count_addsub0000_cy<7> (Madd_count_addsub0000_cy<7>)
     MUXCY:CI->O           1   0.064   0.000  Madd_count_addsub0000_cy<8> (Madd_count_addsub0000_cy<8>)
     MUXCY:CI->O           1   0.064   0.000  Madd_count_addsub0000_cy<9> (Madd_count_addsub0000_cy<9>)
     MUXCY:CI->O           1   0.064   0.000  Madd_count_addsub0000_cy<10> (Madd_count_addsub0000_cy<10>)
     MUXCY:CI->O           1   0.064   0.000  Madd_count_addsub0000_cy<11> (Madd_count_addsub0000_cy<11>)
     MUXCY:CI->O           1   0.064   0.000  Madd_count_addsub0000_cy<12> (Madd_count_addsub0000_cy<12>)
     MUXCY:CI->O           1   0.064   0.000  Madd_count_addsub0000_cy<13> (Madd_count_addsub0000_cy<13>)
     MUXCY:CI->O           1   0.064   0.000  Madd_count_addsub0000_cy<14> (Madd_count_addsub0000_cy<14>)
     MUXCY:CI->O           1   0.064   0.000  Madd_count_addsub0000_cy<15> (Madd_count_addsub0000_cy<15>)
     MUXCY:CI->O           1   0.064   0.000  Madd_count_addsub0000_cy<16> (Madd_count_addsub0000_cy<16>)
     MUXCY:CI->O           1   0.064   0.000  Madd_count_addsub0000_cy<17> (Madd_count_addsub0000_cy<17>)
     MUXCY:CI->O           1   0.064   0.000  Madd_count_addsub0000_cy<18> (Madd_count_addsub0000_cy<18>)
     MUXCY:CI->O           1   0.064   0.000  Madd_count_addsub0000_cy<19> (Madd_count_addsub0000_cy<19>)
     MUXCY:CI->O           1   0.064   0.000  Madd_count_addsub0000_cy<20> (Madd_count_addsub0000_cy<20>)
     XORCY:CI->O           1   0.904   1.140  Madd_count_addsub0000_xor<21> (count_addsub0000<21>)
     LUT4:I0->O            1   0.551   0.000  count_cmp_eq0000_wg_lut<0> (count_cmp_eq0000_wg_lut<0>)
     MUXCY:S->O            1   0.500   0.000  count_cmp_eq0000_wg_cy<0> (count_cmp_eq0000_wg_cy<0>)
     MUXCY:CI->O           1   0.064   0.000  count_cmp_eq0000_wg_cy<1> (count_cmp_eq0000_wg_cy<1>)
     MUXCY:CI->O           1   0.064   0.000  count_cmp_eq0000_wg_cy<2> (count_cmp_eq0000_wg_cy<2>)
     MUXCY:CI->O           1   0.064   0.000  count_cmp_eq0000_wg_cy<3> (count_cmp_eq0000_wg_cy<3>)
     MUXCY:CI->O           1   0.064   0.000  count_cmp_eq0000_wg_cy<4> (count_cmp_eq0000_wg_cy<4>)
     MUXCY:CI->O           1   0.064   0.000  count_cmp_eq0000_wg_cy<5> (count_cmp_eq0000_wg_cy<5>)
     MUXCY:CI->O           1   0.064   0.000  count_cmp_eq0000_wg_cy<6> (count_cmp_eq0000_wg_cy<6>)
     MUXCY:CI->O          33   0.281   1.859  count_cmp_eq0000_wg_cy<7> (count_cmp_eq0000)
     FDR:R                     1.026          count_0
    ----------------------------------------
    Total                     10.848ns (6.633ns logic, 4.215ns route)
                                       (61.1% logic, 38.9% route)

=========================================================================
Timing constraint: Default period analysis for Clock 'tmp'
  Clock period: 4.414ns (frequency: 226.552MHz)
  Total number of paths / destination ports: 36 / 8
-------------------------------------------------------------------------
Delay:               4.414ns (Levels of Logic = 8)
  Source:            sCNT_1 (FF)
  Destination:       sCNT_7 (FF)
  Source Clock:      tmp rising
  Destination Clock: tmp rising

  Data Path: sCNT_1 to sCNT_7
                                Gate     Net
    Cell:in->out      fanout   Delay   Delay  Logical Name (Net Name)
    ----------------------------------------  ------------
     FDCE:C->Q             2   0.720   1.216  sCNT_1 (sCNT_1)
     LUT1:I0->O            1   0.551   0.000  Mcount_sCNT_cy<1>_rt (Mcount_sCNT_cy<1>_rt)
     MUXCY:S->O            1   0.500   0.000  Mcount_sCNT_cy<1> (Mcount_sCNT_cy<1>)
     MUXCY:CI->O           1   0.064   0.000  Mcount_sCNT_cy<2> (Mcount_sCNT_cy<2>)
     MUXCY:CI->O           1   0.064   0.000  Mcount_sCNT_cy<3> (Mcount_sCNT_cy<3>)
     MUXCY:CI->O           1   0.064   0.000  Mcount_sCNT_cy<4> (Mcount_sCNT_cy<4>)
     MUXCY:CI->O           1   0.064   0.000  Mcount_sCNT_cy<5> (Mcount_sCNT_cy<5>)
     MUXCY:CI->O           0   0.064   0.000  Mcount_sCNT_cy<6> (Mcount_sCNT_cy<6>)
     XORCY:CI->O           1   0.904   0.000  Mcount_sCNT_xor<7> (Result<7>1)
     FDCE:D                    0.203          sCNT_7
    ----------------------------------------
    Total                      4.414ns (3.198ns logic, 1.216ns route)
                                       (72.5% logic, 27.5% route)

=========================================================================
Timing constraint: Default OFFSET OUT AFTER for Clock 'tmp'
  Total number of paths / destination ports: 8 / 8
-------------------------------------------------------------------------
Offset:              7.241ns (Levels of Logic = 1)
  Source:            sCNT_7 (FF)
  Destination:       oQ<7> (PAD)
  Source Clock:      tmp rising

  Data Path: sCNT_7 to oQ<7>
                                Gate     Net
    Cell:in->out      fanout   Delay   Delay  Logical Name (Net Name)
    ----------------------------------------  ------------
     FDCE:C->Q             2   0.720   0.877  sCNT_7 (sCNT_7)
     OBUF:I->O                 5.644          oQ_7_OBUF (oQ<7>)
    ----------------------------------------
    Total                      7.241ns (6.364ns logic, 0.877ns route)
                                       (87.9% logic, 12.1% route)

=========================================================================


Total REAL time to Xst completion: 10.00 secs
Total CPU time to Xst completion: 9.40 secs
 
--> 


Total memory usage is 511592 kilobytes

Number of errors   :    0 (   0 filtered)
Number of warnings :    2 (   0 filtered)
Number of infos    :    2 (   0 filtered)

